#! /usr/local/Cellar/icarus-verilog/11.0/bin/vvp
:ivl_version "11.0 (stable)";
:ivl_delay_selection "TYPICAL";
:vpi_time_precision + 0;
:vpi_module "/usr/local/Cellar/icarus-verilog/11.0/lib/ivl/system.vpi";
:vpi_module "/usr/local/Cellar/icarus-verilog/11.0/lib/ivl/vhdl_sys.vpi";
:vpi_module "/usr/local/Cellar/icarus-verilog/11.0/lib/ivl/vhdl_textio.vpi";
:vpi_module "/usr/local/Cellar/icarus-verilog/11.0/lib/ivl/v2005_math.vpi";
:vpi_module "/usr/local/Cellar/icarus-verilog/11.0/lib/ivl/va_math.vpi";
S_0x7f8c6de08040 .scope module, "tb" "tb" 2 1;
 .timescale 0 0;
v0x7f8c6de07d40_0 .var/i "decz", 31 0;
v0x7f8c6dc07230_0 .var/i "givenA", 31 0;
v0x7f8c6dc072f0_0 .var "givenB", 2 0;
v0x7f8c6dc073b0_0 .var "givenC", 11 0;
v0x7f8c6dc07460_0 .var "twoz", 11 0;
    .scope S_0x7f8c6de08040;
T_0 ;
    %pushi/vec4 101, 0, 32;
    %store/vec4 v0x7f8c6dc07230_0, 0, 32;
    %load/vec4 v0x7f8c6dc07230_0;
    %store/vec4 v0x7f8c6de07d40_0, 0, 32;
    %load/vec4 v0x7f8c6dc07230_0;
    %pad/s 12;
    %store/vec4 v0x7f8c6dc07460_0, 0, 12;
    %vpi_call 2 12 "$write", "\012\011\011given:  %d  in decimal\012", v0x7f8c6dc07230_0 {0 0 0};
    %vpi_call 2 13 "$write", "decimal:%5d\012", v0x7f8c6de07d40_0 {0 0 0};
    %vpi_call 2 14 "$write", "binary:   %4b_%4b_%4b\012", &PV<v0x7f8c6dc07460_0, 8, 4>, &PV<v0x7f8c6dc07460_0, 4, 4>, &PV<v0x7f8c6dc07460_0, 0, 4> {0 0 0};
    %vpi_call 2 15 "$write", "hex:      %3h\012", v0x7f8c6dc07460_0 {0 0 0};
    %pushi/vec4 5, 0, 3;
    %store/vec4 v0x7f8c6dc072f0_0, 0, 3;
    %load/vec4 v0x7f8c6dc072f0_0;
    %pad/u 32;
    %store/vec4 v0x7f8c6de07d40_0, 0, 32;
    %load/vec4 v0x7f8c6dc072f0_0;
    %pad/u 12;
    %store/vec4 v0x7f8c6dc07460_0, 0, 12;
    %vpi_call 2 20 "$write", "\012\011\011given:  %3b  in binary\012", v0x7f8c6dc072f0_0 {0 0 0};
    %vpi_call 2 21 "$write", "decimal:%5d\012", v0x7f8c6de07d40_0 {0 0 0};
    %vpi_call 2 22 "$write", "binary:   %4b_%4b_%4b\012", &PV<v0x7f8c6dc07460_0, 8, 4>, &PV<v0x7f8c6dc07460_0, 4, 4>, &PV<v0x7f8c6dc07460_0, 0, 4> {0 0 0};
    %vpi_call 2 23 "$write", "hex:      %3h\012", v0x7f8c6dc07460_0 {0 0 0};
    %pushi/vec4 257, 0, 12;
    %store/vec4 v0x7f8c6dc073b0_0, 0, 12;
    %load/vec4 v0x7f8c6dc073b0_0;
    %pad/u 32;
    %store/vec4 v0x7f8c6de07d40_0, 0, 32;
    %load/vec4 v0x7f8c6dc073b0_0;
    %store/vec4 v0x7f8c6dc07460_0, 0, 12;
    %vpi_call 2 28 "$write", "\012\011\011given:  %3h  in hex\012", v0x7f8c6dc073b0_0 {0 0 0};
    %vpi_call 2 29 "$write", "decimal:%5d\012", v0x7f8c6de07d40_0 {0 0 0};
    %vpi_call 2 30 "$write", "binary:   %4b_%4b_%4b\012", &PV<v0x7f8c6dc07460_0, 8, 4>, &PV<v0x7f8c6dc07460_0, 4, 4>, &PV<v0x7f8c6dc07460_0, 0, 4> {0 0 0};
    %vpi_call 2 31 "$write", "hex:      %3h\012\012", v0x7f8c6dc07460_0 {0 0 0};
    %vpi_call 2 32 "$finish" {0 0 0};
    %end;
    .thread T_0;
# The file index is used to find the file name in the following table.
:file_names 3;
    "N/A";
    "<interactive>";
    "pre2.v";
